# JRE version: OpenJDK Runtime Environment (8.0_202-b03) (build 1.8.0_202-release-1483-b03)
# Java VM: OpenJDK 64-Bit Server VM (25.202-b03 mixed mode windows-amd64 compressed oops)
Heap:
 PSYoungGen      total 475648K, used 384615K [0x00000000e0000000, 0x0000000100000000, 0x0000000100000000)
  eden space 425472K, 84% used [0x00000000e0000000,0x00000000f5dc60c0,0x00000000f9f80000)
  from space 50176K, 52% used [0x00000000fcf00000,0x00000000fe8d3d18,0x0000000100000000)
  to   space 48640K, 0% used [0x00000000f9f80000,0x00000000f9f80000,0x00000000fcf00000)
 ParOldGen       total 142336K, used 90548K [0x00000000a0000000, 0x00000000a8b00000, 0x00000000e0000000)
  object space 142336K, 63% used [0x00000000a0000000,0x00000000a586d388,0x00000000a8b00000)
 Metaspace       used 94813K, capacity 98070K, committed 98304K, reserved 1134592K
  class space    used 11759K, capacity 12434K, committed 12544K, reserved 1048576K
GC Heap History (10 events):
Event: 123.454 GC heap before
{Heap before GC invocations=21 (full 3):
 PSYoungGen      total 363520K, used 363498K [0x00000000e0000000, 0x00000000fb080000, 0x0000000100000000)
  eden space 332800K, 100% used [0x00000000e0000000,0x00000000f4500000,0x00000000f4500000)
  from space 30720K, 99% used [0x00000000f4500000,0x00000000f62faac8,0x00000000f6300000)
  to   space 35840K, 0% used [0x00000000f8d80000,0x00000000f8d80000,0x00000000fb080000)
 ParOldGen       total 142336K, used 44535K [0x00000000a0000000, 0x00000000a8b00000, 0x00000000e0000000)
  object space 142336K, 31% used [0x00000000a0000000,0x00000000a2b7df38,0x00000000a8b00000)
 Metaspace       used 84800K, capacity 87244K, committed 87424K, reserved 1126400K
  class space    used 10464K, capacity 11015K, committed 11136K, reserved 1048576K
Event: 123.518 GC heap after
Heap after GC invocations=21 (full 3):
 PSYoungGen      total 405504K, used 25485K [0x00000000e0000000, 0x00000000fbd80000, 0x0000000100000000)
  eden space 369664K, 0% used [0x00000000e0000000,0x00000000e0000000,0x00000000f6900000)
  from space 35840K, 71% used [0x00000000f8d80000,0x00000000fa663548,0x00000000fb080000)
  to   space 37376K, 0% used [0x00000000f6900000,0x00000000f6900000,0x00000000f8d80000)
 ParOldGen       total 142336K, used 52917K [0x00000000a0000000, 0x00000000a8b00000, 0x00000000e0000000)
  object space 142336K, 37% used [0x00000000a0000000,0x00000000a33ad680,0x00000000a8b00000)
 Metaspace       used 84800K, capacity 87244K, committed 87424K, reserved 1126400K
  class space    used 10464K, capacity 11015K, committed 11136K, reserved 1048576K
}
Event: 129.099 GC heap before
{Heap before GC invocations=22 (full 3):
 PSYoungGen      total 405504K, used 395149K [0x00000000e0000000, 0x00000000fbd80000, 0x0000000100000000)
  eden space 369664K, 100% used [0x00000000e0000000,0x00000000f6900000,0x00000000f6900000)
  from space 35840K, 71% used [0x00000000f8d80000,0x00000000fa663548,0x00000000fb080000)
  to   space 37376K, 0% used [0x00000000f6900000,0x00000000f6900000,0x00000000f8d80000)
 ParOldGen       total 142336K, used 52917K [0x00000000a0000000, 0x00000000a8b00000, 0x00000000e0000000)
  object space 142336K, 37% used [0x00000000a0000000,0x00000000a33ad680,0x00000000a8b00000)
 Metaspace       used 94008K, capacity 97190K, committed 97408K, reserved 1134592K
  class space    used 11700K, capacity 12368K, committed 12416K, reserved 1048576K
Event: 129.273 GC heap after
Heap after GC invocations=22 (full 3):
 PSYoungGen      total 407040K, used 37363K [0x00000000e0000000, 0x0000000100000000, 0x0000000100000000)
  eden space 369664K, 0% used [0x00000000e0000000,0x00000000e0000000,0x00000000f6900000)
  from space 37376K, 99% used [0x00000000f6900000,0x00000000f8d7cd18,0x00000000f8d80000)
  to   space 48640K, 0% used [0x00000000fd080000,0x00000000fd080000,0x0000000100000000)
 ParOldGen       total 142336K, used 68844K [0x00000000a0000000, 0x00000000a8b00000, 0x00000000e0000000)
  object space 142336K, 48% used [0x00000000a0000000,0x00000000a433b3e0,0x00000000a8b00000)
 Metaspace       used 94008K, capacity 97190K, committed 97408K, reserved 1134592K
  class space    used 11700K, capacity 12368K, committed 12416K, reserved 1048576K
}
Event: 131.381 GC heap before
{Heap before GC invocations=23 (full 3):
 PSYoungGen      total 407040K, used 407027K [0x00000000e0000000, 0x0000000100000000, 0x0000000100000000)
  eden space 369664K, 100% used [0x00000000e0000000,0x00000000f6900000,0x00000000f6900000)
  from space 37376K, 99% used [0x00000000f6900000,0x00000000f8d7cd18,0x00000000f8d80000)
  to   space 48640K, 0% used [0x00000000fd080000,0x00000000fd080000,0x0000000100000000)
 ParOldGen       total 142336K, used 68844K [0x00000000a0000000, 0x00000000a8b00000, 0x00000000e0000000)
  object space 142336K, 48% used [0x00000000a0000000,0x00000000a433b3e0,0x00000000a8b00000)
 Metaspace       used 94276K, capacity 97464K, committed 97664K, reserved 1134592K
  class space    used 11711K, capacity 12377K, committed 12416K, reserved 1048576K
Event: 131.473 GC heap after
Heap after GC invocations=23 (full 3):
 PSYoungGen      total 473600K, used 31341K [0x00000000e0000000, 0x0000000100000000, 0x0000000100000000)
  eden space 424960K, 0% used [0x00000000e0000000,0x00000000e0000000,0x00000000f9f00000)
  from space 48640K, 64% used [0x00000000fd080000,0x00000000fef1b698,0x0000000100000000)
  to   space 49664K, 0% used [0x00000000f9f00000,0x00000000f9f00000,0x00000000fcf80000)
 ParOldGen       total 142336K, used 78989K [0x00000000a0000000, 0x00000000a8b00000, 0x00000000e0000000)
  object space 142336K, 55% used [0x00000000a0000000,0x00000000a4d235b8,0x00000000a8b00000)
 Metaspace       used 94276K, capacity 97464K, committed 97664K, reserved 1134592K
  class space    used 11711K, capacity 12377K, committed 12416K, reserved 1048576K
}
Event: 133.795 GC heap before
{Heap before GC invocations=24 (full 3):
 PSYoungGen      total 473600K, used 456301K [0x00000000e0000000, 0x0000000100000000, 0x0000000100000000)
  eden space 424960K, 100% used [0x00000000e0000000,0x00000000f9f00000,0x00000000f9f00000)
  from space 48640K, 64% used [0x00000000fd080000,0x00000000fef1b698,0x0000000100000000)
  to   space 49664K, 0% used [0x00000000f9f00000,0x00000000f9f00000,0x00000000fcf80000)
 ParOldGen       total 142336K, used 78989K [0x00000000a0000000, 0x00000000a8b00000, 0x00000000e0000000)
  object space 142336K, 55% used [0x00000000a0000000,0x00000000a4d235b8,0x00000000a8b00000)
 Metaspace       used 94342K, capacity 97536K, committed 97664K, reserved 1134592K
  class space    used 11712K, capacity 12379K, committed 12416K, reserved 1048576K
Event: 133.863 GC heap after
Heap after GC invocations=24 (full 3):
 PSYoungGen      total 455680K, used 30278K [0x00000000e0000000, 0x0000000100000000, 0x0000000100000000)
  eden space 424960K, 0% used [0x00000000e0000000,0x00000000e0000000,0x00000000f9f00000)
  from space 30720K, 98% used [0x00000000f9f00000,0x00000000fbc91b08,0x00000000fbd00000)
  to   space 50176K, 0% used [0x00000000fcf00000,0x00000000fcf00000,0x0000000100000000)
 ParOldGen       total 142336K, used 83405K [0x00000000a0000000, 0x00000000a8b00000, 0x00000000e0000000)
  object space 142336K, 58% used [0x00000000a0000000,0x00000000a5173660,0x00000000a8b00000)
 Metaspace       used 94342K, capacity 97536K, committed 97664K, reserved 1134592K
  class space    used 11712K, capacity 12379K, committed 12416K, reserved 1048576K
}
Event: 136.651 GC heap before
{Heap before GC invocations=25 (full 3):
 PSYoungGen      total 455680K, used 455238K [0x00000000e0000000, 0x0000000100000000, 0x0000000100000000)
  eden space 424960K, 100% used [0x00000000e0000000,0x00000000f9f00000,0x00000000f9f00000)
  from space 30720K, 98% used [0x00000000f9f00000,0x00000000fbc91b08,0x00000000fbd00000)
  to   space 50176K, 0% used [0x00000000fcf00000,0x00000000fcf00000,0x0000000100000000)
 ParOldGen       total 142336K, used 83405K [0x00000000a0000000, 0x00000000a8b00000, 0x00000000e0000000)
  object space 142336K, 58% used [0x00000000a0000000,0x00000000a5173660,0x00000000a8b00000)
 Metaspace       used 94474K, capacity 97672K, committed 97920K, reserved 1134592K
  class space    used 11712K, capacity 12379K, committed 12416K, reserved 1048576K
Event: 136.706 GC heap after
Heap after GC invocations=25 (full 3):
 PSYoungGen      total 475648K, used 26447K [0x00000000e0000000, 0x0000000100000000, 0x0000000100000000)
  eden space 425472K, 0% used [0x00000000e0000000,0x00000000e0000000,0x00000000f9f80000)
  from space 50176K, 52% used [0x00000000fcf00000,0x00000000fe8d3d18,0x0000000100000000)
  to   space 48640K, 0% used [0x00000000f9f80000,0x00000000f9f80000,0x00000000fcf00000)
 ParOldGen       total 142336K, used 90548K [0x00000000a0000000, 0x00000000a8b00000, 0x00000000e0000000)
  object space 142336K, 63% used [0x00000000a0000000,0x00000000a586d388,0x00000000a8b00000)
 Metaspace       used 94474K, capacity 97672K, committed 97920K, reserved 1134592K
  class space    used 11712K, capacity 12379K, committed 12416K, reserved 1048576K
}

