# JRE version: OpenJDK Runtime Environment (8.0_202-b03) (build 1.8.0_202-release-1483-b03)
# Java VM: OpenJDK 64-Bit Server VM (25.202-b03 mixed mode windows-amd64 compressed oops)
Heap:
 PSYoungGen      total 447488K, used 381901K [0x00000000e0000000, 0x00000000ff680000, 0x0000000100000000)
  eden space 385536K, 95% used [0x00000000e0000000,0x00000000f683bcf0,0x00000000f7880000)
  from space 61952K, 21% used [0x00000000fba00000,0x00000000fc6b7a80,0x00000000ff680000)
  to   space 64512K, 0% used [0x00000000f7880000,0x00000000f7880000,0x00000000fb780000)
 ParOldGen       total 255488K, used 153984K [0x00000000a0000000, 0x00000000af980000, 0x00000000e0000000)
  object space 255488K, 60% used [0x00000000a0000000,0x00000000a96601a8,0x00000000af980000)
 Metaspace       used 105431K, capacity 110202K, committed 110424K, reserved 1144832K
  class space    used 13222K, capacity 14166K, committed 14208K, reserved 1048576K
GC Heap History (10 events):
Event: 332.367 GC heap before
{Heap before GC invocations=65 (full 5):
 PSYoungGen      total 429056K, used 362395K [0x00000000e0000000, 0x00000000ff680000, 0x0000000100000000)
  eden space 344064K, 100% used [0x00000000e0000000,0x00000000f5000000,0x00000000f5000000)
  from space 84992K, 21% used [0x00000000f5000000,0x00000000f61e6e50,0x00000000fa300000)
  to   space 79872K, 0% used [0x00000000fa880000,0x00000000fa880000,0x00000000ff680000)
 ParOldGen       total 255488K, used 114620K [0x00000000a0000000, 0x00000000af980000, 0x00000000e0000000)
  object space 255488K, 44% used [0x00000000a0000000,0x00000000a6fef060,0x00000000af980000)
 Metaspace       used 105090K, capacity 109848K, committed 110168K, reserved 1144832K
  class space    used 13192K, capacity 14119K, committed 14208K, reserved 1048576K
Event: 332.390 GC heap after
Heap after GC invocations=65 (full 5):
 PSYoungGen      total 434688K, used 17540K [0x00000000e0000000, 0x00000000ff200000, 0x0000000100000000)
  eden space 359424K, 0% used [0x00000000e0000000,0x00000000e0000000,0x00000000f5f00000)
  from space 75264K, 23% used [0x00000000fa880000,0x00000000fb9a10d8,0x00000000ff200000)
  to   space 75264K, 0% used [0x00000000f5f00000,0x00000000f5f00000,0x00000000fa880000)
 ParOldGen       total 255488K, used 128759K [0x00000000a0000000, 0x00000000af980000, 0x00000000e0000000)
  object space 255488K, 50% used [0x00000000a0000000,0x00000000a7dbdf38,0x00000000af980000)
 Metaspace       used 105090K, capacity 109848K, committed 110168K, reserved 1144832K
  class space    used 13192K, capacity 14119K, committed 14208K, reserved 1048576K
}
Event: 333.275 GC heap before
{Heap before GC invocations=66 (full 5):
 PSYoungGen      total 434688K, used 376964K [0x00000000e0000000, 0x00000000ff200000, 0x0000000100000000)
  eden space 359424K, 100% used [0x00000000e0000000,0x00000000f5f00000,0x00000000f5f00000)
  from space 75264K, 23% used [0x00000000fa880000,0x00000000fb9a10d8,0x00000000ff200000)
  to   space 75264K, 0% used [0x00000000f5f00000,0x00000000f5f00000,0x00000000fa880000)
 ParOldGen       total 255488K, used 128759K [0x00000000a0000000, 0x00000000af980000, 0x00000000e0000000)
  object space 255488K, 50% used [0x00000000a0000000,0x00000000a7dbdf38,0x00000000af980000)
 Metaspace       used 105129K, capacity 109848K, committed 110168K, reserved 1144832K
  class space    used 13193K, capacity 14119K, committed 14208K, reserved 1048576K
Event: 333.328 GC heap after
Heap after GC invocations=66 (full 5):
 PSYoungGen      total 434688K, used 8757K [0x00000000e0000000, 0x00000000ffb00000, 0x0000000100000000)
  eden space 359424K, 0% used [0x00000000e0000000,0x00000000e0000000,0x00000000f5f00000)
  from space 75264K, 11% used [0x00000000f5f00000,0x00000000f678d760,0x00000000fa880000)
  to   space 72704K, 0% used [0x00000000fb400000,0x00000000fb400000,0x00000000ffb00000)
 ParOldGen       total 255488K, used 141672K [0x00000000a0000000, 0x00000000af980000, 0x00000000e0000000)
  object space 255488K, 55% used [0x00000000a0000000,0x00000000a8a5a238,0x00000000af980000)
 Metaspace       used 105129K, capacity 109848K, committed 110168K, reserved 1144832K
  class space    used 13193K, capacity 14119K, committed 14208K, reserved 1048576K
}
Event: 336.251 GC heap before
{Heap before GC invocations=67 (full 5):
 PSYoungGen      total 434688K, used 368181K [0x00000000e0000000, 0x00000000ffb00000, 0x0000000100000000)
  eden space 359424K, 100% used [0x00000000e0000000,0x00000000f5f00000,0x00000000f5f00000)
  from space 75264K, 11% used [0x00000000f5f00000,0x00000000f678d760,0x00000000fa880000)
  to   space 72704K, 0% used [0x00000000fb400000,0x00000000fb400000,0x00000000ffb00000)
 ParOldGen       total 255488K, used 141672K [0x00000000a0000000, 0x00000000af980000, 0x00000000e0000000)
  object space 255488K, 55% used [0x00000000a0000000,0x00000000a8a5a238,0x00000000af980000)
 Metaspace       used 105242K, capacity 109982K, committed 110168K, reserved 1144832K
  class space    used 13196K, capacity 14120K, committed 14208K, reserved 1048576K
Event: 336.273 GC heap after
Heap after GC invocations=67 (full 5):
 PSYoungGen      total 446464K, used 6728K [0x00000000e0000000, 0x00000000ff880000, 0x0000000100000000)
  eden space 376320K, 0% used [0x00000000e0000000,0x00000000e0000000,0x00000000f6f80000)
  from space 70144K, 9% used [0x00000000fb400000,0x00000000fba92150,0x00000000ff880000)
  to   space 70144K, 0% used [0x00000000f6f80000,0x00000000f6f80000,0x00000000fb400000)
 ParOldGen       total 255488K, used 148153K [0x00000000a0000000, 0x00000000af980000, 0x00000000e0000000)
  object space 255488K, 57% used [0x00000000a0000000,0x00000000a90ae7c8,0x00000000af980000)
 Metaspace       used 105242K, capacity 109982K, committed 110168K, reserved 1144832K
  class space    used 13196K, capacity 14120K, committed 14208K, reserved 1048576K
}
Event: 338.290 GC heap before
{Heap before GC invocations=68 (full 5):
 PSYoungGen      total 446464K, used 383048K [0x00000000e0000000, 0x00000000ff880000, 0x0000000100000000)
  eden space 376320K, 100% used [0x00000000e0000000,0x00000000f6f80000,0x00000000f6f80000)
  from space 70144K, 9% used [0x00000000fb400000,0x00000000fba92150,0x00000000ff880000)
  to   space 70144K, 0% used [0x00000000f6f80000,0x00000000f6f80000,0x00000000fb400000)
 ParOldGen       total 255488K, used 148153K [0x00000000a0000000, 0x00000000af980000, 0x00000000e0000000)
  object space 255488K, 57% used [0x00000000a0000000,0x00000000a90ae7c8,0x00000000af980000)
 Metaspace       used 105256K, capacity 109982K, committed 110168K, reserved 1144832K
  class space    used 13196K, capacity 14120K, committed 14208K, reserved 1048576K
Event: 338.301 GC heap after
Heap after GC invocations=68 (full 5):
 PSYoungGen      total 446464K, used 689K [0x00000000e0000000, 0x00000000ffd00000, 0x0000000100000000)
  eden space 376320K, 0% used [0x00000000e0000000,0x00000000e0000000,0x00000000f6f80000)
  from space 70144K, 0% used [0x00000000f6f80000,0x00000000f702c7c0,0x00000000fb400000)
  to   space 68608K, 0% used [0x00000000fba00000,0x00000000fba00000,0x00000000ffd00000)
 ParOldGen       total 255488K, used 153808K [0x00000000a0000000, 0x00000000af980000, 0x00000000e0000000)
  object space 255488K, 60% used [0x00000000a0000000,0x00000000a96341a8,0x00000000af980000)
 Metaspace       used 105256K, capacity 109982K, committed 110168K, reserved 1144832K
  class space    used 13196K, capacity 14120K, committed 14208K, reserved 1048576K
}
Event: 339.305 GC heap before
{Heap before GC invocations=69 (full 5):
 PSYoungGen      total 446464K, used 377009K [0x00000000e0000000, 0x00000000ffd00000, 0x0000000100000000)
  eden space 376320K, 100% used [0x00000000e0000000,0x00000000f6f80000,0x00000000f6f80000)
  from space 70144K, 0% used [0x00000000f6f80000,0x00000000f702c7c0,0x00000000fb400000)
  to   space 68608K, 0% used [0x00000000fba00000,0x00000000fba00000,0x00000000ffd00000)
 ParOldGen       total 255488K, used 153808K [0x00000000a0000000, 0x00000000af980000, 0x00000000e0000000)
  object space 255488K, 60% used [0x00000000a0000000,0x00000000a96341a8,0x00000000af980000)
 Metaspace       used 105382K, capacity 110170K, committed 110424K, reserved 1144832K
  class space    used 13213K, capacity 14160K, committed 14208K, reserved 1048576K
Event: 339.319 GC heap after
Heap after GC invocations=69 (full 5):
 PSYoungGen      total 447488K, used 13022K [0x00000000e0000000, 0x00000000ff680000, 0x0000000100000000)
  eden space 385536K, 0% used [0x00000000e0000000,0x00000000e0000000,0x00000000f7880000)
  from space 61952K, 21% used [0x00000000fba00000,0x00000000fc6b7a80,0x00000000ff680000)
  to   space 64512K, 0% used [0x00000000f7880000,0x00000000f7880000,0x00000000fb780000)
 ParOldGen       total 255488K, used 153984K [0x00000000a0000000, 0x00000000af980000, 0x00000000e0000000)
  object space 255488K, 60% used [0x00000000a0000000,0x00000000a96601a8,0x00000000af980000)
 Metaspace       used 105382K, capacity 110170K, committed 110424K, reserved 1144832K
  class space    used 13213K, capacity 14160K, committed 14208K, reserved 1048576K
}

